<?xml version="1.0" encoding="UTF-8"?>
<!-- Generated by org.testng.reporters.JUnitReportReporter -->
<testsuite hostname="TCLIN53" failures="0" tests="4" name="testNGannotations.AnnotationsHiearchy" time="0.009" errors="0" timestamp="2023-05-03T15:25:52 IST" skipped="0">
  <testcase classname="testNGannotations.AnnotationsHiearchy" name="test2" time="0.002"/>
  <system-out/>
  <testcase classname="testNGannotations.AnnotationsHiearchy" name="test1" time="0.004"/>
  <system-out/>
  <testcase classname="testNGannotations.AnnotationsHiearchy" name="test2" time="0.002"/>
  <system-out/>
  <testcase classname="testNGannotations.AnnotationsHiearchy" name="test2" time="0.001"/>
  <system-out/>
</testsuite> <!-- testNGannotations.AnnotationsHiearchy -->
