<?xml version="1.0" encoding="UTF-8"?>
<!-- Generated by org.testng.reporters.JUnitReportReporter -->
<testsuite hostname="TCLIN53" failures="0" tests="1" name="ExceptionHandlinginTestNG.ExceptionHandling" time="2.022" errors="0" timestamp="2023-05-03T16:00:14 IST" skipped="0">
  <testcase classname="ExceptionHandlinginTestNG.ExceptionHandling" name="timeouts" time="2.022"/>
  <system-out/>
</testsuite> <!-- ExceptionHandlinginTestNG.ExceptionHandling -->
